# JRE version: Java(TM) SE Runtime Environment (8.0_231-b11) (build 1.8.0_231-b11)
# Java VM: Java HotSpot(TM) 64-Bit Server VM (25.231-b11 mixed mode windows-amd64 compressed oops)
Heap:
 PSYoungGen      total 599040K, used 166153K [0x0000000695f80000, 0x00000006be680000, 0x00000007c0000000)
  eden space 582656K, 25% used [0x0000000695f80000,0x000000069f1c6d60,0x00000006b9880000)
  from space 16384K, 99% used [0x00000006bd680000,0x00000006be67ba58,0x00000006be680000)
  to   space 31232K, 0% used [0x00000006ba980000,0x00000006ba980000,0x00000006bc800000)
 ParOldGen       total 539648K, used 46280K [0x0000000441e00000, 0x0000000462d00000, 0x0000000695f80000)
  object space 539648K, 8% used [0x0000000441e00000,0x0000000444b320e0,0x0000000462d00000)
 Metaspace       used 68954K, capacity 72908K, committed 73048K, reserved 1112064K
  class space    used 9621K, capacity 10307K, committed 10368K, reserved 1048576K
GC Heap History (10 events):
Event: 13.664 GC heap before
{Heap before GC invocations=7 (full 2):
 PSYoungGen      total 437760K, used 406528K [0x0000000695f80000, 0x00000006b3680000, 0x00000007c0000000)
  eden space 406528K, 100% used [0x0000000695f80000,0x00000006aec80000,0x00000006aec80000)
  from space 31232K, 0% used [0x00000006b1800000,0x00000006b1800000,0x00000006b3680000)
  to   space 37888K, 0% used [0x00000006aec80000,0x00000006aec80000,0x00000006b1180000)
 ParOldGen       total 392704K, used 23238K [0x0000000441e00000, 0x0000000459d80000, 0x0000000695f80000)
  object space 392704K, 5% used [0x0000000441e00000,0x00000004434b1b50,0x0000000459d80000)
 Metaspace       used 47772K, capacity 50474K, committed 50520K, reserved 1093632K
  class space    used 6753K, capacity 7267K, committed 7296K, reserved 1048576K
Event: 13.687 GC heap after
Heap after GC invocations=7 (full 2):
 PSYoungGen      total 444416K, used 25177K [0x0000000695f80000, 0x00000006c0100000, 0x00000007c0000000)
  eden space 406528K, 0% used [0x0000000695f80000,0x0000000695f80000,0x00000006aec80000)
  from space 37888K, 66% used [0x00000006aec80000,0x00000006b0516510,0x00000006b1180000)
  to   space 27648K, 0% used [0x00000006be600000,0x00000006be600000,0x00000006c0100000)
 ParOldGen       total 392704K, used 23246K [0x0000000441e00000, 0x0000000459d80000, 0x0000000695f80000)
  object space 392704K, 5% used [0x0000000441e00000,0x00000004434b3b50,0x0000000459d80000)
 Metaspace       used 47772K, capacity 50474K, committed 50520K, reserved 1093632K
  class space    used 6753K, capacity 7267K, committed 7296K, reserved 1048576K
}
Event: 18.394 GC heap before
{Heap before GC invocations=8 (full 2):
 PSYoungGen      total 444416K, used 204238K [0x0000000695f80000, 0x00000006c0100000, 0x00000007c0000000)
  eden space 406528K, 44% used [0x0000000695f80000,0x00000006a0e5d5e0,0x00000006aec80000)
  from space 37888K, 66% used [0x00000006aec80000,0x00000006b0516510,0x00000006b1180000)
  to   space 27648K, 0% used [0x00000006be600000,0x00000006be600000,0x00000006c0100000)
 ParOldGen       total 392704K, used 23246K [0x0000000441e00000, 0x0000000459d80000, 0x0000000695f80000)
  object space 392704K, 5% used [0x0000000441e00000,0x00000004434b3b50,0x0000000459d80000)
 Metaspace       used 55634K, capacity 58754K, committed 58968K, reserved 1099776K
  class space    used 7920K, capacity 8492K, committed 8576K, reserved 1048576K
Event: 18.416 GC heap after
Heap after GC invocations=8 (full 2):
 PSYoungGen      total 642048K, used 26324K [0x0000000695f80000, 0x00000006c0000000, 0x00000007c0000000)
  eden space 615424K, 0% used [0x0000000695f80000,0x0000000695f80000,0x00000006bb880000)
  from space 26624K, 98% used [0x00000006be600000,0x00000006bffb5240,0x00000006c0000000)
  to   space 31744K, 0% used [0x00000006bc200000,0x00000006bc200000,0x00000006be100000)
 ParOldGen       total 392704K, used 23254K [0x0000000441e00000, 0x0000000459d80000, 0x0000000695f80000)
  object space 392704K, 5% used [0x0000000441e00000,0x00000004434b5b50,0x0000000459d80000)
 Metaspace       used 55634K, capacity 58754K, committed 58968K, reserved 1099776K
  class space    used 7920K, capacity 8492K, committed 8576K, reserved 1048576K
}
Event: 18.416 GC heap before
{Heap before GC invocations=9 (full 3):
 PSYoungGen      total 642048K, used 26324K [0x0000000695f80000, 0x00000006c0000000, 0x00000007c0000000)
  eden space 615424K, 0% used [0x0000000695f80000,0x0000000695f80000,0x00000006bb880000)
  from space 26624K, 98% used [0x00000006be600000,0x00000006bffb5240,0x00000006c0000000)
  to   space 31744K, 0% used [0x00000006bc200000,0x00000006bc200000,0x00000006be100000)
 ParOldGen       total 392704K, used 23254K [0x0000000441e00000, 0x0000000459d80000, 0x0000000695f80000)
  object space 392704K, 5% used [0x0000000441e00000,0x00000004434b5b50,0x0000000459d80000)
 Metaspace       used 55634K, capacity 58754K, committed 58968K, reserved 1099776K
  class space    used 7920K, capacity 8492K, committed 8576K, reserved 1048576K
Event: 18.681 GC heap after
Heap after GC invocations=9 (full 3):
 PSYoungGen      total 642048K, used 0K [0x0000000695f80000, 0x00000006c0000000, 0x00000007c0000000)
  eden space 615424K, 0% used [0x0000000695f80000,0x0000000695f80000,0x00000006bb880000)
  from space 26624K, 0% used [0x00000006be600000,0x00000006be600000,0x00000006c0000000)
  to   space 31744K, 0% used [0x00000006bc200000,0x00000006bc200000,0x00000006be100000)
 ParOldGen       total 539648K, used 40808K [0x0000000441e00000, 0x0000000462d00000, 0x0000000695f80000)
  object space 539648K, 7% used [0x0000000441e00000,0x00000004445da0d0,0x0000000462d00000)
 Metaspace       used 55634K, capacity 58754K, committed 58968K, reserved 1099776K
  class space    used 7920K, capacity 8492K, committed 8576K, reserved 1048576K
}
Event: 20872.038 GC heap before
{Heap before GC invocations=10 (full 3):
 PSYoungGen      total 642048K, used 615424K [0x0000000695f80000, 0x00000006c0000000, 0x00000007c0000000)
  eden space 615424K, 100% used [0x0000000695f80000,0x00000006bb880000,0x00000006bb880000)
  from space 26624K, 0% used [0x00000006be600000,0x00000006be600000,0x00000006c0000000)
  to   space 31744K, 0% used [0x00000006bc200000,0x00000006bc200000,0x00000006be100000)
 ParOldGen       total 539648K, used 40808K [0x0000000441e00000, 0x0000000462d00000, 0x0000000695f80000)
  object space 539648K, 7% used [0x0000000441e00000,0x00000004445da0d0,0x0000000462d00000)
 Metaspace       used 67670K, capacity 71606K, committed 71896K, reserved 1112064K
  class space    used 9499K, capacity 10172K, committed 10240K, reserved 1048576K
Event: 20872.064 GC heap after
Heap after GC invocations=10 (full 3):
 PSYoungGen      total 619520K, used 20637K [0x0000000695f80000, 0x00000006be680000, 0x00000007c0000000)
  eden space 598528K, 0% used [0x0000000695f80000,0x0000000695f80000,0x00000006ba800000)
  from space 20992K, 98% used [0x00000006bc200000,0x00000006bd627438,0x00000006bd680000)
  to   space 16384K, 0% used [0x00000006bd680000,0x00000006bd680000,0x00000006be680000)
 ParOldGen       total 539648K, used 40832K [0x0000000441e00000, 0x0000000462d00000, 0x0000000695f80000)
  object space 539648K, 7% used [0x0000000441e00000,0x00000004445e00e0,0x0000000462d00000)
 Metaspace       used 67670K, capacity 71606K, committed 71896K, reserved 1112064K
  class space    used 9499K, capacity 10172K, committed 10240K, reserved 1048576K
}
Event: 75089.444 GC heap before
{Heap before GC invocations=11 (full 3):
 PSYoungGen      total 619520K, used 619165K [0x0000000695f80000, 0x00000006be680000, 0x00000007c0000000)
  eden space 598528K, 100% used [0x0000000695f80000,0x00000006ba800000,0x00000006ba800000)
  from space 20992K, 98% used [0x00000006bc200000,0x00000006bd627438,0x00000006bd680000)
  to   space 16384K, 0% used [0x00000006bd680000,0x00000006bd680000,0x00000006be680000)
 ParOldGen       total 539648K, used 40832K [0x0000000441e00000, 0x0000000462d00000, 0x0000000695f80000)
  object space 539648K, 7% used [0x0000000441e00000,0x00000004445e00e0,0x0000000462d00000)
 Metaspace       used 68819K, capacity 72832K, committed 73048K, reserved 1112064K
  class space    used 9620K, capacity 10305K, committed 10368K, reserved 1048576K
Event: 75089.470 GC heap after
Heap after GC invocations=11 (full 3):
 PSYoungGen      total 599040K, used 16366K [0x0000000695f80000, 0x00000006be680000, 0x00000007c0000000)
  eden space 582656K, 0% used [0x0000000695f80000,0x0000000695f80000,0x00000006b9880000)
  from space 16384K, 99% used [0x00000006bd680000,0x00000006be67ba58,0x00000006be680000)
  to   space 31232K, 0% used [0x00000006ba980000,0x00000006ba980000,0x00000006bc800000)
 ParOldGen       total 539648K, used 46280K [0x0000000441e00000, 0x0000000462d00000, 0x0000000695f80000)
  object space 539648K, 8% used [0x0000000441e00000,0x0000000444b320e0,0x0000000462d00000)
 Metaspace       used 68819K, capacity 72832K, committed 73048K, reserved 1112064K
  class space    used 9620K, capacity 10305K, committed 10368K, reserved 1048576K
}

